#
# A fatal error has been detected by the Java Runtime Environment:
#
#  EXCEPTION_ACCESS_VIOLATION (0xc0000005) at pc=0x188fb3bb, pid=1676, tid=6192
#
# JRE version: Java(TM) SE Runtime Environment (8.0_40-b25) (build 1.8.0_40-b25)
# Java VM: Java HotSpot(TM) Client VM (25.40-b25 mixed mode windows-x86 )
# Problematic frame:
# C  [OTAClient.dll+0x9b3bb]
#
# Failed to write core dump. Minidumps are not enabled by default on client versions of Windows
#
# If you would like to submit a bug report, please visit:
#   http://bugreport.java.com/bugreport/crash.jsp
# The crash happened outside the Java Virtual Machine in native code.
# See problematic frame for where to report the bug.
#

---------------  T H R E A D  ---------------

Current thread (0x15fb5000):  JavaThread "ComThread for main" daemon [_thread_in_native, id=6192, stack(0x18810000,0x18860000)]

siginfo: ExceptionCode=0xc0000005, reading address 0x00000038

Registers:
EAX=0x1885ef70, EBX=0x00000000, ECX=0x1c27aecc, EDX=0x1c27aecc
ESP=0x1885ef44, EBP=0x1885efb0, ESI=0x1885eff8, EDI=0x00000038
EIP=0x188fb3bb, EFLAGS=0x00010246

Top of Stack: (sp=0x1885ef44)
0x1885ef44:   a9f08b42 1885f0e0 19b0ed78 1885f164
0x1885ef54:   19deffec 19e31bb0 1885ef70 0058f998
0x1885ef64:   00000000 0058f998 1885ef80 18cd1c3c
0x1885ef74:   1c27aecc 00000000 005f71b8 00000038
0x1885ef84:   74a9443a 0000003b 005f71b8 0058f998
0x1885ef94:   00000000 199bc09c 00000000 00000000
0x1885efa4:   1885f014 18bffbeb 00000002 1885f020
0x1885efb4:   188fb677 19b0ed08 1885eff8 1885f0e0 

Instructions: (pc=0x188fb3bb)
0x188fb39b:   18 89 45 e8 3b c3 75 81 68 0e 00 07 80 e8 4d 6d
0x188fb3ab:   f6 ff 68 34 d2 c5 18 8d 45 c0 50 e8 d5 01 2a 00
0x188fb3bb:   8b 07 3b c7 89 45 dc 0f 95 c0 3a c3 0f 84 2a 01
0x188fb3cb:   00 00 8b 45 dc 8b 70 08 89 75 cc 3b f3 74 06 8b 


Register to memory mapping:

EAX=0x1885ef70 is pointing into the stack for thread: 0x15fb5000
EBX=0x00000000 is an unknown value
ECX=0x1c27aecc is an unknown value
EDX=0x1c27aecc is an unknown value
ESP=0x1885ef44 is pointing into the stack for thread: 0x15fb5000
EBP=0x1885efb0 is pointing into the stack for thread: 0x15fb5000
ESI=0x1885eff8 is pointing into the stack for thread: 0x15fb5000
EDI=0x00000038 is an unknown value


Stack: [0x18810000,0x18860000],  sp=0x1885ef44,  free space=315k
Native frames: (J=compiled Java code, j=interpreted, Vv=VM code, C=native code)
C  [OTAClient.dll+0x9b3bb]
C  [OTAClient.dll+0x9b677]
C  [OTAClient.dll+0xa38cd]
C  [OTAClient.dll+0xa37cc]
C  [OTAClient.dll+0xa2fef]
C  [OTAClient.dll+0xe8af4]
C  [OTAClient.dll+0x7f637]
C  [OTAClient.dll+0x1e7838]
C  [OTAClient.dll+0x7e517]
C  [OTAClient.dll+0xb891c]
C  [OTAClient.dll+0xb34fa]
C  [com4j-x86.dll+0x1786f]
C  [com4j-x86.dll+0x17660]
C  [com4j-x86.dll+0x753c]
C  [com4j-x86.dll+0x161f]
j  com4j.StandardComMethod.invoke(J[Ljava/lang/Object;)Ljava/lang/Object;+31
j  com4j.Wrapper$InvocationThunk.call()Ljava/lang/Object;+15
j  com4j.Task.invoke()V+17
j  com4j.ComThread.run0()V+42
j  com4j.ComThread.run()V+27
v  ~StubRoutines::call_stub
V  [jvm.dll+0x155c05]
V  [jvm.dll+0x21b0be]
V  [jvm.dll+0x155c9e]
V  [jvm.dll+0x155e26]
V  [jvm.dll+0x155e97]
V  [jvm.dll+0xfafaf]
V  [jvm.dll+0x178f3c]
V  [jvm.dll+0x17902a]
V  [jvm.dll+0x1bd616]
C  [msvcr100.dll+0x5c556]
C  [msvcr100.dll+0x5c600]
C  [kernel32.dll+0x1337a]
C  [ntdll.dll+0x392e2]
C  [ntdll.dll+0x392b5]
C  0x00000000

Java frames: (J=compiled Java code, j=interpreted, Vv=VM code)
j  com4j.Native.invoke(JJ[Ljava/lang/Object;[IIZI)Ljava/lang/Object;+0
j  com4j.StandardComMethod.invoke(J[Ljava/lang/Object;)Ljava/lang/Object;+31
j  com4j.Wrapper$InvocationThunk.call()Ljava/lang/Object;+15
j  com4j.Task.invoke()V+17
j  com4j.ComThread.run0()V+42
j  com4j.ComThread.run()V+27
v  ~StubRoutines::call_stub

---------------  P R O C E S S  ---------------

Java Threads: ( => current thread )
=>0x15fb5000 JavaThread "ComThread for main" daemon [_thread_in_native, id=6192, stack(0x18810000,0x18860000)]
  0x15ff4800 JavaThread "AWT-Windows" daemon [_thread_in_native, id=7420, stack(0x173f0000,0x17440000)]
  0x15ff3c00 JavaThread "Java2D Disposer" daemon [_thread_blocked, id=7584, stack(0x170e0000,0x17130000)]
  0x16187400 JavaThread "Thread-3" daemon [_thread_in_native, id=7020, stack(0x16c40000,0x16c90000)]
  0x16182c00 JavaThread "Thread-2" daemon [_thread_in_native, id=4512, stack(0x15df0000,0x15e40000)]
  0x16182000 JavaThread "Thread-1" [_thread_in_native, id=6304, stack(0x16bf0000,0x16c40000)]
  0x158ec400 JavaThread "ReaderThread" [_thread_in_native, id=2392, stack(0x14c60000,0x14cb0000)]
  0x14eb1800 JavaThread "Service Thread" daemon [_thread_blocked, id=5376, stack(0x154b0000,0x15500000)]
  0x14e89000 JavaThread "C1 CompilerThread0" daemon [_thread_blocked, id=1720, stack(0x153e0000,0x15430000)]
  0x14e87c00 JavaThread "Attach Listener" daemon [_thread_blocked, id=7544, stack(0x152c0000,0x15310000)]
  0x14e8fc00 JavaThread "Signal Dispatcher" daemon [_thread_blocked, id=5064, stack(0x15230000,0x15280000)]
  0x14e54800 JavaThread "Finalizer" daemon [_thread_blocked, id=3392, stack(0x150d0000,0x15120000)]
  0x14e4e800 JavaThread "Reference Handler" daemon [_thread_blocked, id=6996, stack(0x14dc0000,0x14e10000)]
  0x00ecec00 JavaThread "main" [_thread_blocked, id=3432, stack(0x02460000,0x024b0000)]

Other Threads:
  0x14e4c400 VMThread [stack: 0x02410000,0x02460000] [id=6668]
  0x14eb2c00 WatcherThread [stack: 0x15500000,0x15550000] [id=8116]

VM state:not at safepoint (normal execution)

VM Mutex/Monitor currently owned by a thread: None

Heap:
 def new generation   total 4992K, used 527K [0x04800000, 0x04d60000, 0x09d50000)
  eden space 4480K,   1% used [0x04800000, 0x04813db0, 0x04c60000)
  from space 512K,  87% used [0x04c60000, 0x04cd01e0, 0x04ce0000)
  to   space 512K,   0% used [0x04ce0000, 0x04ce0000, 0x04d60000)
 tenured generation   total 10944K, used 9210K [0x09d50000, 0x0a800000, 0x14800000)
   the space 10944K,  84% used [0x09d50000, 0x0a64e818, 0x0a64ea00, 0x0a800000)
 Metaspace       used 12925K, capacity 13098K, committed 13184K, reserved 13696K

Card table byte_map: [0x00d80000,0x00e10000] byte_map_base: 0x00d5c000

Polling page: 0x00190000

CodeCache: size=32768Kb used=1963Kb max_used=1963Kb free=30804Kb
 bounds [0x02780000, 0x02970000, 0x04780000]
 total_blobs=1135 nmethods=914 adapters=152
 compilation: enabled

Compilation events (10 events):
Event: 46.773 Thread 0x14e89000  925             java.lang.StringBuilder::<init> (18 bytes)
Event: 46.773 Thread 0x14e89000 nmethod 925 0x02967f08 code [0x02968010, 0x0296814c]
Event: 47.451 Thread 0x14e89000  926  s          java.io.ByteArrayOutputStream::size (5 bytes)
Event: 47.451 Thread 0x14e89000 nmethod 926 0x02968248 code [0x02968340, 0x02968500]
Event: 47.452 Thread 0x14e89000  927             sun.misc.ProxyGenerator::access$900 (5 bytes)
Event: 47.452 Thread 0x14e89000 nmethod 927 0x02968588 code [0x02968680, 0x0296870c]
Event: 150.793 Thread 0x14e89000  928             sun.misc.ProxyGenerator::codeLocalLoadStore (90 bytes)
Event: 150.796 Thread 0x14e89000 nmethod 928 0x029687c8 code [0x02968920, 0x02968b94]
Event: 150.796 Thread 0x14e89000  929             sun.misc.ProxyGenerator$MethodInfo::write (283 bytes)
Event: 150.798 Thread 0x14e89000 nmethod 929 0x02968dc8 code [0x02969190, 0x0296a364]

GC Heap History (10 events):
Event: 46.402 GC heap before
{Heap before GC invocations=142 (full 42):
 def new generation   total 4992K, used 4480K [0x04800000, 0x04d60000, 0x09d50000)
  eden space 4480K, 100% used [0x04800000, 0x04c60000, 0x04c60000)
  from space 512K,   0% used [0x04ce0000, 0x04ce0000, 0x04d60000)
  to   space 512K,   0% used [0x04c60000, 0x04c60000, 0x04ce0000)
 tenured generation   total 10944K, used 9210K [0x09d50000, 0x0a800000, 0x14800000)
   the space 10944K,  84% used [0x09d50000, 0x0a64e818, 0x0a64ea00, 0x0a800000)
 Metaspace       used 12665K, capacity 12842K, committed 12928K, reserved 13696K
Event: 46.403 GC heap after
Heap after GC invocations=143 (full 42):
 def new generation   total 4992K, used 71K [0x04800000, 0x04d60000, 0x09d50000)
  eden space 4480K,   0% used [0x04800000, 0x04800000, 0x04c60000)
  from space 512K,  13% used [0x04c60000, 0x04c71e08, 0x04ce0000)
  to   space 512K,   0% used [0x04ce0000, 0x04ce0000, 0x04d60000)
 tenured generation   total 10944K, used 9210K [0x09d50000, 0x0a800000, 0x14800000)
   the space 10944K,  84% used [0x09d50000, 0x0a64e818, 0x0a64ea00, 0x0a800000)
 Metaspace       used 12665K, capacity 12842K, committed 12928K, reserved 13696K
}
Event: 46.509 GC heap before
{Heap before GC invocations=143 (full 42):
 def new generation   total 4992K, used 4551K [0x04800000, 0x04d60000, 0x09d50000)
  eden space 4480K, 100% used [0x04800000, 0x04c60000, 0x04c60000)
  from space 512K,  13% used [0x04c60000, 0x04c71e08, 0x04ce0000)
  to   space 512K,   0% used [0x04ce0000, 0x04ce0000, 0x04d60000)
 tenured generation   total 10944K, used 9210K [0x09d50000, 0x0a800000, 0x14800000)
   the space 10944K,  84% used [0x09d50000, 0x0a64e818, 0x0a64ea00, 0x0a800000)
 Metaspace       used 12665K, capacity 12842K, committed 12928K, reserved 13696K
Event: 46.510 GC heap after
Heap after GC invocations=144 (full 42):
 def new generation   total 4992K, used 71K [0x04800000, 0x04d60000, 0x09d50000)
  eden space 4480K,   0% used [0x04800000, 0x04800000, 0x04c60000)
  from space 512K,  13% used [0x04ce0000, 0x04cf1e08, 0x04d60000)
  to   space 512K,   0% used [0x04c60000, 0x04c60000, 0x04ce0000)
 tenured generation   total 10944K, used 9210K [0x09d50000, 0x0a800000, 0x14800000)
   the space 10944K,  84% used [0x09d50000, 0x0a64e818, 0x0a64ea00, 0x0a800000)
 Metaspace       used 12665K, capacity 12842K, committed 12928K, reserved 13696K
}
Event: 46.615 GC heap before
{Heap before GC invocations=144 (full 42):
 def new generation   total 4992K, used 4550K [0x04800000, 0x04d60000, 0x09d50000)
  eden space 4480K,  99% used [0x04800000, 0x04c5fdd0, 0x04c60000)
  from space 512K,  13% used [0x04ce0000, 0x04cf1e08, 0x04d60000)
  to   space 512K,   0% used [0x04c60000, 0x04c60000, 0x04ce0000)
 tenured generation   total 10944K, used 9210K [0x09d50000, 0x0a800000, 0x14800000)
   the space 10944K,  84% used [0x09d50000, 0x0a64e818, 0x0a64ea00, 0x0a800000)
 Metaspace       used 12665K, capacity 12842K, committed 12928K, reserved 13696K
Event: 46.616 GC heap after
Heap after GC invocations=145 (full 42):
 def new generation   total 4992K, used 54K [0x04800000, 0x04d60000, 0x09d50000)
  eden space 4480K,   0% used [0x04800000, 0x04800000, 0x04c60000)
  from space 512K,  10% used [0x04c60000, 0x04c6d970, 0x04ce0000)
  to   space 512K,   0% used [0x04ce0000, 0x04ce0000, 0x04d60000)
 tenured generation   total 10944K, used 9210K [0x09d50000, 0x0a800000, 0x14800000)
   the space 10944K,  84% used [0x09d50000, 0x0a64e818, 0x0a64ea00, 0x0a800000)
 Metaspace       used 12665K, capacity 12842K, committed 12928K, reserved 13696K
}
Event: 46.617 GC heap before
{Heap before GC invocations=145 (full 42):
 def new generation   total 4992K, used 4530K [0x04800000, 0x04d60000, 0x09d50000)
  eden space 4480K,  99% used [0x04800000, 0x04c5f118, 0x04c60000)
  from space 512K,  10% used [0x04c60000, 0x04c6d970, 0x04ce0000)
  to   space 512K,   0% used [0x04ce0000, 0x04ce0000, 0x04d60000)
 tenured generation   total 10944K, used 9210K [0x09d50000, 0x0a800000, 0x14800000)
   the space 10944K,  84% used [0x09d50000, 0x0a64e818, 0x0a64ea00, 0x0a800000)
 Metaspace       used 12665K, capacity 12842K, committed 12928K, reserved 13696K
Event: 46.618 GC heap after
Heap after GC invocations=146 (full 42):
 def new generation   total 4992K, used 113K [0x04800000, 0x04d60000, 0x09d50000)
  eden space 4480K,   0% used [0x04800000, 0x04800000, 0x04c60000)
  from space 512K,  22% used [0x04ce0000, 0x04cfc760, 0x04d60000)
  to   space 512K,   0% used [0x04c60000, 0x04c60000, 0x04ce0000)
 tenured generation   total 10944K, used 9210K [0x09d50000, 0x0a800000, 0x14800000)
   the space 10944K,  84% used [0x09d50000, 0x0a64e818, 0x0a64ea00, 0x0a800000)
 Metaspace       used 12665K, capacity 12842K, committed 12928K, reserved 13696K
}
Event: 150.794 GC heap before
{Heap before GC invocations=146 (full 42):
 def new generation   total 4992K, used 4593K [0x04800000, 0x04d60000, 0x09d50000)
  eden space 4480K, 100% used [0x04800000, 0x04c60000, 0x04c60000)
  from space 512K,  22% used [0x04ce0000, 0x04cfc760, 0x04d60000)
  to   space 512K,   0% used [0x04c60000, 0x04c60000, 0x04ce0000)
 tenured generation   total 10944K, used 9210K [0x09d50000, 0x0a800000, 0x14800000)
   the space 10944K,  84% used [0x09d50000, 0x0a64e818, 0x0a64ea00, 0x0a800000)
 Metaspace       used 12922K, capacity 13098K, committed 13184K, reserved 13696K
Event: 150.796 GC heap after
Heap after GC invocations=147 (full 42):
 def new generation   total 4992K, used 448K [0x04800000, 0x04d60000, 0x09d50000)
  eden space 4480K,   0% used [0x04800000, 0x04800000, 0x04c60000)
  from space 512K,  87% used [0x04c60000, 0x04cd01e0, 0x04ce0000)
  to   space 512K,   0% used [0x04ce0000, 0x04ce0000, 0x04d60000)
 tenured generation   total 10944K, used 9210K [0x09d50000, 0x0a800000, 0x14800000)
   the space 10944K,  84% used [0x09d50000, 0x0a64e818, 0x0a64ea00, 0x0a800000)
 Metaspace       used 12922K, capacity 13098K, committed 13184K, reserved 13696K
}

Deoptimization events (0 events):
No events

Internal exceptions (10 events):
Event: 1.846 Thread 0x00ecec00 Exception <a 'java/lang/ArrayIndexOutOfBoundsException'> (0x048cb050) thrown at [D:\re\puppet\workspace\8-2-build-windows-i586-cygwin\jdk8u40\2855\hotspot\src\share\vm\runtime\sharedRuntime.cpp, line 605]
Event: 1.846 Thread 0x00ecec00 Exception <a 'java/lang/ArrayIndexOutOfBoundsException'> (0x048cc7f8) thrown at [D:\re\puppet\workspace\8-2-build-windows-i586-cygwin\jdk8u40\2855\hotspot\src\share\vm\runtime\sharedRuntime.cpp, line 605]
Event: 1.846 Thread 0x00ecec00 Exception <a 'java/lang/ArrayIndexOutOfBoundsException'> (0x048cdb90) thrown at [D:\re\puppet\workspace\8-2-build-windows-i586-cygwin\jdk8u40\2855\hotspot\src\share\vm\runtime\sharedRuntime.cpp, line 605]
Event: 1.847 Thread 0x00ecec00 Exception <a 'java/lang/ArrayIndexOutOfBoundsException'> (0x048dad80) thrown at [D:\re\puppet\workspace\8-2-build-windows-i586-cygwin\jdk8u40\2855\hotspot\src\share\vm\runtime\sharedRuntime.cpp, line 605]
Event: 1.870 Thread 0x00ecec00 Exception <a 'java/lang/ArrayIndexOutOfBoundsException'> (0x04acd6a0) thrown at [D:\re\puppet\workspace\8-2-build-windows-i586-cygwin\jdk8u40\2855\hotspot\src\share\vm\runtime\sharedRuntime.cpp, line 605]
Event: 1.870 Thread 0x00ecec00 Exception <a 'java/lang/ArrayIndexOutOfBoundsException'> (0x04acec90) thrown at [D:\re\puppet\workspace\8-2-build-windows-i586-cygwin\jdk8u40\2855\hotspot\src\share\vm\runtime\sharedRuntime.cpp, line 605]
Event: 25.171 Thread 0x00ecec00 Exception <a 'java/io/FileNotFoundException'> (0x048e3588) thrown at [D:\re\puppet\workspace\8-2-build-windows-i586-cygwin\jdk8u40\2855\hotspot\src\share\vm\prims\jni.cpp, line 709]
Event: 25.184 Thread 0x00ecec00 Exception <a 'java/io/FileNotFoundException'> (0x049012a8) thrown at [D:\re\puppet\workspace\8-2-build-windows-i586-cygwin\jdk8u40\2855\hotspot\src\share\vm\prims\jni.cpp, line 709]
Event: 25.222 Thread 0x00ecec00 Exception <a 'java/lang/NoSuchFieldError': method resolution failed> (0x04808d70) thrown at [D:\re\puppet\workspace\8-2-build-windows-i586-cygwin\jdk8u40\2855\hotspot\src\share\vm\prims\methodHandles.cpp, line 1125]
Event: 25.223 Thread 0x00ecec00 Exception <a 'java/lang/NoSuchFieldError': method resolution failed> (0x04816510) thrown at [D:\re\puppet\workspace\8-2-build-windows-i586-cygwin\jdk8u40\2855\hotspot\src\share\vm\prims\methodHandles.cpp, line 1125]

Events (10 events):
Event: 150.797 Executing VM operation: RevokeBias
Event: 150.797 Executing VM operation: RevokeBias done
Event: 150.797 Executing VM operation: RevokeBias
Event: 150.797 Executing VM operation: RevokeBias done
Event: 150.797 Executing VM operation: RevokeBias
Event: 150.797 Executing VM operation: RevokeBias done
Event: 150.797 Executing VM operation: RevokeBias
Event: 150.797 Executing VM operation: RevokeBias done
Event: 150.797 Executing VM operation: RevokeBias
Event: 150.797 Executing VM operation: RevokeBias done


Dynamic libraries:
0x00fd0000 - 0x01003000 	C:\Program Files (x86)\Java\jre1.8.0_40\bin\javaw.exe
0x770c0000 - 0x77240000 	C:\Windows\SysWOW64\ntdll.dll
0x74fa0000 - 0x750b0000 	C:\Windows\syswow64\kernel32.dll
0x76a80000 - 0x76ac7000 	C:\Windows\syswow64\KERNELBASE.dll
0x744a0000 - 0x7450d000 	C:\Windows\SysWOW64\SYSFER.DLL
0x74b60000 - 0x74c01000 	C:\Windows\syswow64\ADVAPI32.dll
0x75530000 - 0x755dc000 	C:\Windows\syswow64\msvcrt.dll
0x753c0000 - 0x753d9000 	C:\Windows\SysWOW64\sechost.dll
0x75b60000 - 0x75c50000 	C:\Windows\syswow64\RPCRT4.dll
0x74a30000 - 0x74a90000 	C:\Windows\syswow64\SspiCli.dll
0x74a20000 - 0x74a2c000 	C:\Windows\syswow64\CRYPTBASE.dll
0x75a60000 - 0x75b60000 	C:\Windows\syswow64\USER32.dll
0x759d0000 - 0x75a60000 	C:\Windows\syswow64\GDI32.dll
0x750c0000 - 0x750ca000 	C:\Windows\syswow64\LPK.dll
0x750d0000 - 0x7516d000 	C:\Windows\syswow64\USP10.dll
0x71030000 - 0x711ce000 	C:\Windows\WinSxS\x86_microsoft.windows.common-controls_6595b64144ccf1df_6.0.7601.18837_none_41e855142bd5705d\COMCTL32.dll
0x76a20000 - 0x76a77000 	C:\Windows\syswow64\SHLWAPI.dll
0x76970000 - 0x769d0000 	C:\Windows\system32\IMM32.DLL
0x768a0000 - 0x7696c000 	C:\Windows\syswow64\MSCTF.dll
0x5baa0000 - 0x5bb5f000 	C:\Program Files (x86)\Java\jre1.8.0_40\bin\msvcr100.dll
0x53b70000 - 0x53f30000 	C:\Program Files (x86)\Java\jre1.8.0_40\bin\client\jvm.dll
0x729c0000 - 0x729c7000 	C:\Windows\system32\WSOCK32.dll
0x74c20000 - 0x74c55000 	C:\Windows\syswow64\WS2_32.dll
0x753b0000 - 0x753b6000 	C:\Windows\syswow64\NSI.dll
0x6d410000 - 0x6d442000 	C:\Windows\system32\WINMM.dll
0x742d0000 - 0x742d9000 	C:\Windows\system32\VERSION.dll
0x75980000 - 0x75985000 	C:\Windows\syswow64\PSAPI.DLL
0x5ba90000 - 0x5ba9c000 	C:\Program Files (x86)\Java\jre1.8.0_40\bin\verify.dll
0x5ba60000 - 0x5ba81000 	C:\Program Files (x86)\Java\jre1.8.0_40\bin\java.dll
0x5ba40000 - 0x5ba53000 	C:\Program Files (x86)\Java\jre1.8.0_40\bin\zip.dll
0x75c50000 - 0x7689b000 	C:\Windows\syswow64\SHELL32.dll
0x75670000 - 0x757cc000 	C:\Windows\syswow64\ole32.dll
0x74e20000 - 0x74e2b000 	C:\Windows\syswow64\profapi.dll
0x5ba20000 - 0x5ba35000 	C:\Program Files (x86)\Java\jre1.8.0_40\bin\net.dll
0x73f00000 - 0x73f3c000 	C:\Windows\system32\mswsock.dll
0x72890000 - 0x72896000 	C:\Windows\System32\wship6.dll
0x73ef0000 - 0x73ef5000 	C:\Windows\System32\wshtcpip.dll
0x6f7d0000 - 0x6f814000 	C:\Windows\system32\DNSAPI.dll
0x728c0000 - 0x728dc000 	C:\Windows\system32\IPHLPAPI.DLL
0x728b0000 - 0x728b7000 	C:\Windows\system32\WINNSI.DLL
0x6f7a0000 - 0x6f7a6000 	C:\Windows\system32\rasadhlp.dll
0x72850000 - 0x72888000 	C:\Windows\System32\fwpuclnt.dll
0x73ed0000 - 0x73ee7000 	C:\Windows\system32\CRYPTSP.dll
0x72b30000 - 0x72b6b000 	C:\Windows\system32\rsaenh.dll
0x74c60000 - 0x74c77000 	C:\Windows\syswow64\USERENV.dll
0x728e0000 - 0x728f2000 	C:\Windows\system32\dhcpcsvc.DLL
0x728a0000 - 0x728ad000 	C:\Windows\system32\dhcpcsvc6.DLL
0x5bc10000 - 0x5bc1f000 	C:\Program Files (x86)\Java\jre1.8.0_40\bin\nio.dll
0x584f0000 - 0x58510000 	C:\Program Files (x86)\Java\jre1.8.0_40\bin\sunec.dll
0x6ff50000 - 0x6ff9c000 	C:\Windows\system32\apphelp.dll
0x6f850000 - 0x6f860000 	C:\Windows\system32\NLAapi.dll
0x6f840000 - 0x6f850000 	C:\Windows\system32\napinsp.dll
0x6f820000 - 0x6f832000 	C:\Windows\system32\pnrpnsp.dll
0x6f7c0000 - 0x6f7c8000 	C:\Windows\System32\winrnr.dll
0x6f7b0000 - 0x6f7bd000 	C:\Windows\system32\wshbth.dll
0x57380000 - 0x574c5000 	C:\Program Files (x86)\Java\jre1.8.0_40\bin\awt.dll
0x74a90000 - 0x74b1f000 	C:\Windows\syswow64\OLEAUT32.dll
0x70f90000 - 0x70fa3000 	C:\Windows\system32\DWMAPI.DLL
0x70fb0000 - 0x71030000 	C:\Windows\system32\uxtheme.dll
0x15430000 - 0x15476000 	C:\Windows\System32\com4j-x86.dll
0x74f00000 - 0x74f83000 	C:\Windows\syswow64\CLBCatQ.DLL
0x18860000 - 0x190d7000 	C:\Program Files (x86)\Common Files\Mercury Interactive\TDAPIClient\OTAClient.dll
0x757f0000 - 0x75911000 	C:\Windows\syswow64\CRYPT32.dll
0x757d0000 - 0x757dc000 	C:\Windows\syswow64\MSASN1.dll
0x192e0000 - 0x193f1000 	C:\PROGRA~2\COMMON~1\MERCUR~1\QUALIT~1\WEBCLI~1.DLL
0x76ad0000 - 0x76cb4000 	C:\Windows\syswow64\wininet.dll
0x74f90000 - 0x74f94000 	C:\Windows\syswow64\api-ms-win-downlevel-user32-l1-1-0.dll
0x75990000 - 0x75994000 	C:\Windows\syswow64\api-ms-win-downlevel-shlwapi-l1-1-0.dll
0x74b20000 - 0x74b24000 	C:\Windows\syswow64\api-ms-win-downlevel-version-l1-1-0.dll
0x74c10000 - 0x74c13000 	C:\Windows\syswow64\api-ms-win-downlevel-normaliz-l1-1-0.dll
0x77090000 - 0x77093000 	C:\Windows\syswow64\normaliz.DLL
0x75170000 - 0x753a2000 	C:\Windows\syswow64\iertutil.dll
0x750b0000 - 0x750b5000 	C:\Windows\syswow64\api-ms-win-downlevel-advapi32-l1-1-0.dll
0x73740000 - 0x73838000 	C:\Windows\system32\Cryptui.dll
0x71760000 - 0x717b8000 	C:\Windows\system32\winhttp.dll
0x71710000 - 0x7175f000 	C:\Windows\system32\webio.dll
0x6fba0000 - 0x6fbb9000 	C:\Windows\system32\olepro32.dll
0x6f660000 - 0x6f6bf000 	C:\Windows\system32\SXS.DLL
0x72300000 - 0x72308000 	C:\Windows\system32\Secur32.dll
0x70080000 - 0x70084000 	C:\Windows\system32\api-ms-win-downlevel-advapi32-l2-1-0.dll
0x757e0000 - 0x757e4000 	C:\Windows\syswow64\api-ms-win-downlevel-ole32-l1-1-0.dll
0x753e0000 - 0x7552a000 	C:\Windows\syswow64\urlmon.dll
0x71a70000 - 0x71a74000 	C:\Windows\system32\api-ms-win-downlevel-shlwapi-l2-1-0.dll
0x6fc70000 - 0x6fc78000 	C:\Windows\system32\credssp.dll
0x74b30000 - 0x74b57000 	C:\Windows\syswow64\CFGMGR32.dll
0x73260000 - 0x7329f000 	C:\Windows\SysWOW64\schannel.dll
0x725e0000 - 0x72618000 	C:\Windows\system32\ncrypt.dll
0x72910000 - 0x72927000 	C:\Windows\system32\bcrypt.dll
0x725a0000 - 0x725dd000 	C:\Windows\SysWOW64\bcryptprimitives.dll
0x72580000 - 0x72596000 	C:\Windows\system32\GPAPI.dll
0x73240000 - 0x7325c000 	C:\Windows\system32\cryptnet.dll
0x74eb0000 - 0x74ef5000 	C:\Windows\syswow64\WLDAP32.dll
0x73230000 - 0x73236000 	C:\Windows\system32\SensApi.dll
0x73f40000 - 0x7402b000 	C:\Windows\system32\dbghelp.dll

VM Arguments:
jvm_args: -ea -Dfile.encoding=Cp1252 
java_command: org.testng.remote.RemoteTestNG -serport 53690 -d C:\Selenium_Workspace\HomeDepot_Renowalk\test-output C:\Users\sarshad\AppData\Local\Temp\testng-eclipse--272710083\testng-customsuite.xml
java_class_path (initial): C:\Selenium_Workspace\HomeDepot_Renowalk\bin;C:\Selenium_Workspace\HomeDepot_Renowalk\lib\apache-mime4j-0.6.jar;C:\Selenium_Workspace\HomeDepot_Renowalk\lib\bsh-1.3.0.jar;C:\Selenium_Workspace\HomeDepot_Renowalk\lib\cglib-nodep-2.1_3.jar;C:\Selenium_Workspace\HomeDepot_Renowalk\lib\commons-codec-1.10.jar;C:\Selenium_Workspace\HomeDepot_Renowalk\lib\commons-codec-1.9 (2).jar;C:\Selenium_Workspace\HomeDepot_Renowalk\lib\commons-codec-1.9.jar;C:\Selenium_Workspace\HomeDepot_Renowalk\lib\commons-collections-3.2.1.jar;C:\Selenium_Workspace\HomeDepot_Renowalk\lib\commons-exec-1.1.jar;C:\Selenium_Workspace\HomeDepot_Renowalk\lib\commons-exec-1.3.jar;C:\Selenium_Workspace\HomeDepot_Renowalk\lib\commons-io-2.4.jar;C:\Selenium_Workspace\HomeDepot_Renowalk\lib\commons-jxpath-1.3.jar;C:\Selenium_Workspace\HomeDepot_Renowalk\lib\commons-lang3-3.3.2.jar;C:\Selenium_Workspace\HomeDepot_Renowalk\lib\commons-lang3-3.4.jar;C:\Selenium_Workspace\HomeDepot_Renowalk\lib\commons-logging-1.1.3.jar;C:\Selenium_Workspace\HomeDepot_Renowalk\lib\commons-logging-1.2.jar;C:\Selenium_Workspace\HomeDepot_Renowalk\lib\cssparser-0.9.14.jar;C:\Selenium_Workspace\HomeDepot_Renowalk\lib\cssparser-0.9.16.jar;C:\Selenium_Workspace\HomeDepot_Renowalk\lib\fluent-hc-4.4.1.jar;C:\Selenium_Workspace\HomeDepot_Renowalk\lib\gson-2.3.1.jar;C:\Selenium_Workspace\HomeDepot_Renowalk\lib\gson-2.3.jar;C:\Selenium_Workspace\HomeDepot_Renowalk\lib\guava-18.0.jar;C:\Selenium_Workspace\HomeDepot_Renowalk\lib\hamcrest-core-1.3.jar;C:\Selenium_Workspace\HomeDepot_Renowalk\lib\hamcrest-library-1.3.jar;C:\Selenium_Workspace\HomeDepot_Renowalk\lib\htmlunit-2.15.jar;C:\Selenium_Workspace\HomeDepot_Renowalk\lib\htmlunit-2.17.jar;C:\Selenium_Workspace\HomeDepot_Renowalk\lib\htmlunit-core-js-2.15.jar;C:\Selenium_Workspace\HomeDepot_Renowalk\lib\htmlunit-core-js-2.17.jar;C:\Selenium_Workspace\HomeDepot_Renowalk\lib\httpclient-4.3.4.jar;C:\Selenium_Workspace\HomeDepot_Renowalk\lib\httpclient-4.4.1.jar;
Launcher Type: SUN_STANDARD

Environment Variables:
PATH=C:/Program Files/Java/jre1.8.0_40/bin/server;C:/Program Files/Java/jre1.8.0_40/bin;C:/Program Files/Java/jre1.8.0_40/lib/amd64;C:\Program Files (x86)\RSA SecurID Token Common;C:\Program Files\RSA SecurID Token Common;C:\ProgramData\Oracle\Java\javapath;C:\Program Files (x86)\Intel\iCLS Client\;C:\Program Files\Intel\iCLS Client\;C:\Windows\system32;C:\Windows;C:\Windows\System32\Wbem;C:\Windows\System32\WindowsPowerShell\v1.0\;C:\Program Files (x86)\ATI Technologies\ATI.ACE\Core-Static;C:\Program Files\Intel\WiFi\bin\;C:\Program Files\Common Files\Intel\WirelessCommon\;C:\Program Files\Intel\Intel(R) Management Engine Components\DAL;C:\Program Files\Intel\Intel(R) Management Engine Components\IPT;C:\Program Files (x86)\Intel\Intel(R) Management Engine Components\DAL;C:\Program Files (x86)\Intel\Intel(R) Management Engine Components\IPT;C:\Program Files (x86)\Skype\Phone\;C:\eclipse;
USERNAME=sarshad
OS=Windows_NT
PROCESSOR_IDENTIFIER=Intel64 Family 6 Model 69 Stepping 1, GenuineIntel



---------------  S Y S T E M  ---------------

OS: Windows 7 , 64 bit Build 7601 (6.1.7601.18869)

CPU:total 4 (2 cores per cpu, 2 threads per core) family 6 model 69 stepping 1, cmov, cx8, fxsr, mmx, sse, sse2, sse3, ssse3, sse4.1, sse4.2, popcnt, avx, avx2, aes, clmul, erms, lzcnt, ht, tsc, tscinvbit, bmi1, bmi2

Memory: 4k page, physical 8283248k(3656356k free), swap 20569412k(15152564k free)

vm_info: Java HotSpot(TM) Client VM (25.40-b25) for windows-x86 JRE (1.8.0_40-b25), built on Feb 10 2015 21:08:16 by "java_re" with MS VC++ 10.0 (VS2010)

time: Mon Jul 13 12:24:02 2015
elapsed time: 150 seconds (0d 0h 2m 30s)

