#
# A fatal error has been detected by the Java Runtime Environment:
#
#  EXCEPTION_ACCESS_VIOLATION (0xc0000005) at pc=0x9dc47817, pid=6576, tid=1920
#
# JRE version: Java(TM) SE Runtime Environment (8.0_40-b25) (build 1.8.0_40-b25)
# Java VM: Java HotSpot(TM) Client VM (25.40-b25 mixed mode windows-x86 )
# Problematic frame:
# C  0x9dc47817
#
# Failed to write core dump. Minidumps are not enabled by default on client versions of Windows
#
# If you would like to submit a bug report, please visit:
#   http://bugreport.java.com/bugreport/crash.jsp
# The crash happened outside the Java Virtual Machine in native code.
# See problematic frame for where to report the bug.
#

---------------  T H R E A D  ---------------

Current thread (0x157ddc00):  JavaThread "ComThread for main" daemon [_thread_in_native, id=1920, stack(0x17300000,0x17350000)]

siginfo: ExceptionCode=0xc0000005, ExceptionInformation=0x00000008 0x9dc47817

Registers:
EAX=0x173c2ab0, EBX=0x16f84db0, ECX=0x179b0093, EDX=0x15a70000
ESP=0x1734f818, EBP=0x1734f84c, ESI=0x173c3ed0, EDI=0x173c3e50
EIP=0x9dc47817, EFLAGS=0x00010202

Top of Stack: (sp=0x1734f818)
0x1734f818:   175db489 173c2ab0 173c3eb8 17767139
0x1734f828:   173c3fa4 1760b58c bbdab6b5 00000000
0x1734f838:   173c3e50 16f84db0 1734fb0c 178e8f7e
0x1734f848:   0000000d 1734f8b0 176d1e04 173c3e50
0x1734f858:   173c3e50 176d3953 173c3e50 176d1e40
0x1734f868:   00000001 157ddc00 16f84db0 047b16ce
0x1734f878:   173c3e50 027bc0c3 157ddd40 1734f8b8
0x1734f888:   173c3e64 00000000 1734f890 00000000 

Instructions: (pc=0x9dc47817)
0x9dc477f7:   
[error occurred during error reporting (printing registers, top of stack, instructions near pc), id 0xc0000005]

Register to memory mapping:

EAX=0x173c2ab0 is an unknown value
EBX={method} {0x16f84db4} 'release' '(J)I' in 'com4j/Native'
ECX=0x179b0093 is an unknown value
EDX=0x15a70000 is an unknown value
ESP=0x1734f818 is pointing into the stack for thread: 0x157ddc00
EBP=0x1734f84c is pointing into the stack for thread: 0x157ddc00
ESI=0x173c3ed0 is an unknown value
EDI=0x173c3e50 is an unknown value


Stack: [0x17300000,0x17350000],  sp=0x1734f818,  free space=318k
Native frames: (J=compiled Java code, j=interpreted, Vv=VM code, C=native code)
C  0x9dc47817
C  [OTAClient.dll+0x171e04]
j  com4j.Wrapper.dispose0()V+11
j  com4j.Wrapper$1.call()Ljava/lang/Void;+4
j  com4j.Wrapper$1.call()Ljava/lang/Object;+1
j  com4j.Task.execute(Lcom4j/ComThread;)Ljava/lang/Object;+8
j  com4j.Wrapper.dispose()V+19
j  com4j.ComThread.run0()V+111
j  com4j.ComThread.run()V+27
v  ~StubRoutines::call_stub
V  [jvm.dll+0x155c05]
V  [jvm.dll+0x21b0be]
V  [jvm.dll+0x155c9e]
V  [jvm.dll+0x155e26]
V  [jvm.dll+0x155e97]
V  [jvm.dll+0xfafaf]
V  [jvm.dll+0x178f3c]
V  [jvm.dll+0x17902a]
V  [jvm.dll+0x1bd616]
C  [msvcr100.dll+0x5c556]
C  [msvcr100.dll+0x5c600]
C  [kernel32.dll+0x1337a]
C  [ntdll.dll+0x392e2]
C  [ntdll.dll+0x392b5]
C  0x00000000

Java frames: (J=compiled Java code, j=interpreted, Vv=VM code)
j  com4j.Native.release(J)I+0
j  com4j.Wrapper.dispose0()V+11
j  com4j.Wrapper$1.call()Ljava/lang/Void;+4
j  com4j.Wrapper$1.call()Ljava/lang/Object;+1
j  com4j.Task.execute(Lcom4j/ComThread;)Ljava/lang/Object;+8
j  com4j.Wrapper.dispose()V+19
j  com4j.ComThread.run0()V+111
j  com4j.ComThread.run()V+27
v  ~StubRoutines::call_stub

---------------  P R O C E S S  ---------------

Java Threads: ( => current thread )
  0x15878000 JavaThread "Com4J shutdown hook" [_thread_blocked, id=4088, stack(0x1bf80000,0x1bfd0000)]
  0x14ec8c00 JavaThread "AWT-Shutdown" [_thread_blocked, id=7528, stack(0x18480000,0x184d0000)]
  0x14ec8800 JavaThread "Java2D Disposer" daemon [_thread_blocked, id=5132, stack(0x18280000,0x182d0000)]
=>0x157ddc00 JavaThread "ComThread for main" daemon [_thread_in_native, id=1920, stack(0x17300000,0x17350000)]
  0x14eb1400 JavaThread "Service Thread" daemon [_thread_blocked, id=7792, stack(0x15400000,0x15450000)]
  0x14e89400 JavaThread "C1 CompilerThread0" daemon [_thread_blocked, id=5560, stack(0x152b0000,0x15300000)]
  0x14e87c00 JavaThread "Attach Listener" daemon [_thread_blocked, id=6932, stack(0x153a0000,0x153f0000)]
  0x14e85000 JavaThread "Signal Dispatcher" daemon [_thread_blocked, id=6056, stack(0x15100000,0x15150000)]
  0x14e54800 JavaThread "Finalizer" daemon [_thread_blocked, id=7172, stack(0x14d10000,0x14d60000)]
  0x14e4e800 JavaThread "Reference Handler" daemon [_thread_blocked, id=2388, stack(0x14d70000,0x14dc0000)]
  0x022dec00 JavaThread "main" [_thread_blocked, id=2160, stack(0x02440000,0x02490000)]

Other Threads:
  0x14e4c400 VMThread [stack: 0x15090000,0x150e0000] [id=1264]
  0x14eb2800 WatcherThread [stack: 0x15340000,0x15390000] [id=6364]

VM state:not at safepoint (normal execution)

VM Mutex/Monitor currently owned by a thread: None

Heap:
 def new generation   total 4992K, used 1680K [0x04800000, 0x04d60000, 0x09d50000)
  eden space 4480K,  26% used [0x04800000, 0x04924398, 0x04c60000)
  from space 512K,  99% used [0x04ce0000, 0x04d5ffa0, 0x04d60000)
  to   space 512K,   0% used [0x04c60000, 0x04c60000, 0x04ce0000)
 tenured generation   total 10944K, used 5417K [0x09d50000, 0x0a800000, 0x14800000)
   the space 10944K,  49% used [0x09d50000, 0x0a29a730, 0x0a29a800, 0x0a800000)
 Metaspace       used 14109K, capacity 14291K, committed 14336K, reserved 14720K

Card table byte_map: [0x022e0000,0x02370000] byte_map_base: 0x022bc000

Polling page: 0x00120000

CodeCache: size=32768Kb used=1859Kb max_used=1859Kb free=30908Kb
 bounds [0x027b0000, 0x02988000, 0x047b0000]
 total_blobs=1090 nmethods=874 adapters=147
 compilation: enabled

Compilation events (10 events):
Event: 40.842 Thread 0x14e89400  883             java.util.regex.Pattern$CharProperty::match (56 bytes)
Event: 40.842 Thread 0x14e89400 nmethod 883 0x0297ecc8 code [0x0297edf0, 0x0297ef54]
Event: 40.842 Thread 0x14e89400  884             java.lang.Character::codePointAt (51 bytes)
Event: 40.843 Thread 0x14e89400 nmethod 884 0x0297f048 code [0x0297f160, 0x0297f2d4]
Event: 40.843 Thread 0x14e89400  885             java.util.regex.Pattern$StartS::match (138 bytes)
Event: 40.843 Thread 0x14e89400 nmethod 885 0x0297f388 code [0x0297f4d0, 0x0297f770]
Event: 40.846 Thread 0x14e89400  886             java.util.regex.Pattern$Curly::match (86 bytes)
Event: 40.846 Thread 0x14e89400 nmethod 886 0x0297f988 code [0x0297fac0, 0x0297fc50]
Event: 40.847 Thread 0x14e89400  887             java.util.regex.Pattern::compile (406 bytes)
Event: 40.850 Thread 0x14e89400 nmethod 887 0x0297fd88 code [0x0297ff80, 0x0298093c]

GC Heap History (10 events):
Event: 23.434 GC heap before
{Heap before GC invocations=19 (full 0):
 def new generation   total 4928K, used 4927K [0x04800000, 0x04d50000, 0x09d50000)
  eden space 4416K, 100% used [0x04800000, 0x04c50000, 0x04c50000)
  from space 512K,  99% used [0x04cd0000, 0x04d4fff8, 0x04d50000)
  to   space 512K,   0% used [0x04c50000, 0x04c50000, 0x04cd0000)
 tenured generation   total 10944K, used 6284K [0x09d50000, 0x0a800000, 0x14800000)
   the space 10944K,  57% used [0x09d50000, 0x0a373248, 0x0a373400, 0x0a800000)
 Metaspace       used 12089K, capacity 12145K, committed 12288K, reserved 12672K
Event: 23.437 GC heap after
Heap after GC invocations=20 (full 0):
 def new generation   total 4928K, used 511K [0x04800000, 0x04d50000, 0x09d50000)
  eden space 4416K,   0% used [0x04800000, 0x04800000, 0x04c50000)
  from space 512K,  99% used [0x04c50000, 0x04ccffe8, 0x04cd0000)
  to   space 512K,   0% used [0x04cd0000, 0x04cd0000, 0x04d50000)
 tenured generation   total 10944K, used 6369K [0x09d50000, 0x0a800000, 0x14800000)
   the space 10944K,  58% used [0x09d50000, 0x0a388590, 0x0a388600, 0x0a800000)
 Metaspace       used 12089K, capacity 12145K, committed 12288K, reserved 12672K
}
Event: 23.747 GC heap before
{Heap before GC invocations=20 (full 0):
 def new generation   total 4928K, used 2076K [0x04800000, 0x04d50000, 0x09d50000)
  eden space 4416K,  35% used [0x04800000, 0x04987028, 0x04c50000)
  from space 512K,  99% used [0x04c50000, 0x04ccffe8, 0x04cd0000)
  to   space 512K,   0% used [0x04cd0000, 0x04cd0000, 0x04d50000)
 tenured generation   total 10944K, used 6369K [0x09d50000, 0x0a800000, 0x14800000)
   the space 10944K,  58% used [0x09d50000, 0x0a388590, 0x0a388600, 0x0a800000)
 Metaspace       used 12171K, capacity 12209K, committed 12288K, reserved 12672K
Event: 23.770 GC heap after
Heap after GC invocations=21 (full 1):
 def new generation   total 4992K, used 0K [0x04800000, 0x04d60000, 0x09d50000)
  eden space 4480K,   0% used [0x04800000, 0x04800000, 0x04c60000)
  from space 512K,   0% used [0x04c60000, 0x04c60000, 0x04ce0000)
  to   space 512K,   0% used [0x04ce0000, 0x04ce0000, 0x04d60000)
 tenured generation   total 10944K, used 4736K [0x09d50000, 0x0a800000, 0x14800000)
   the space 10944K,  43% used [0x09d50000, 0x0a1f0268, 0x0a1f0400, 0x0a800000)
 Metaspace       used 12157K, capacity 12192K, committed 12288K, reserved 12672K
}
Event: 39.781 GC heap before
{Heap before GC invocations=21 (full 1):
 def new generation   total 4992K, used 4414K [0x04800000, 0x04d60000, 0x09d50000)
  eden space 4480K,  98% used [0x04800000, 0x04c4f988, 0x04c60000)
  from space 512K,   0% used [0x04c60000, 0x04c60000, 0x04ce0000)
  to   space 512K,   0% used [0x04ce0000, 0x04ce0000, 0x04d60000)
 tenured generation   total 10944K, used 4736K [0x09d50000, 0x0a800000, 0x14800000)
   the space 10944K,  43% used [0x09d50000, 0x0a1f0268, 0x0a1f0400, 0x0a800000)
 Metaspace       used 12348K, capacity 12433K, committed 12544K, reserved 12672K
Event: 39.786 GC heap after
Heap after GC invocations=22 (full 1):
 def new generation   total 4992K, used 512K [0x04800000, 0x04d60000, 0x09d50000)
  eden space 4480K,   0% used [0x04800000, 0x04800000, 0x04c60000)
  from space 512K, 100% used [0x04ce0000, 0x04d60000, 0x04d60000)
  to   space 512K,   0% used [0x04c60000, 0x04c60000, 0x04ce0000)
 tenured generation   total 10944K, used 4906K [0x09d50000, 0x0a800000, 0x14800000)
   the space 10944K,  44% used [0x09d50000, 0x0a21a930, 0x0a21aa00, 0x0a800000)
 Metaspace       used 12348K, capacity 12433K, committed 12544K, reserved 12672K
}
Event: 40.572 GC heap before
{Heap before GC invocations=22 (full 1):
 def new generation   total 4992K, used 4992K [0x04800000, 0x04d60000, 0x09d50000)
  eden space 4480K, 100% used [0x04800000, 0x04c60000, 0x04c60000)
  from space 512K, 100% used [0x04ce0000, 0x04d60000, 0x04d60000)
  to   space 512K,   0% used [0x04c60000, 0x04c60000, 0x04ce0000)
 tenured generation   total 10944K, used 4906K [0x09d50000, 0x0a800000, 0x14800000)
   the space 10944K,  44% used [0x09d50000, 0x0a21a930, 0x0a21aa00, 0x0a800000)
 Metaspace       used 13708K, capacity 13814K, committed 13824K, reserved 14720K
Event: 40.576 GC heap after
Heap after GC invocations=23 (full 1):
 def new generation   total 4992K, used 512K [0x04800000, 0x04d60000, 0x09d50000)
  eden space 4480K,   0% used [0x04800000, 0x04800000, 0x04c60000)
  from space 512K, 100% used [0x04c60000, 0x04ce0000, 0x04ce0000)
  to   space 512K,   0% used [0x04ce0000, 0x04ce0000, 0x04d60000)
 tenured generation   total 10944K, used 5152K [0x09d50000, 0x0a800000, 0x14800000)
   the space 10944K,  47% used [0x09d50000, 0x0a2581f0, 0x0a258200, 0x0a800000)
 Metaspace       used 13708K, capacity 13814K, committed 13824K, reserved 14720K
}
Event: 40.853 GC heap before
{Heap before GC invocations=23 (full 1):
 def new generation   total 4992K, used 4992K [0x04800000, 0x04d60000, 0x09d50000)
  eden space 4480K, 100% used [0x04800000, 0x04c60000, 0x04c60000)
  from space 512K, 100% used [0x04c60000, 0x04ce0000, 0x04ce0000)
  to   space 512K,   0% used [0x04ce0000, 0x04ce0000, 0x04d60000)
 tenured generation   total 10944K, used 5152K [0x09d50000, 0x0a800000, 0x14800000)
   the space 10944K,  47% used [0x09d50000, 0x0a2581f0, 0x0a258200, 0x0a800000)
 Metaspace       used 14093K, capacity 14291K, committed 14336K, reserved 14720K
Event: 40.860 GC heap after
Heap after GC invocations=24 (full 1):
 def new generation   total 4992K, used 511K [0x04800000, 0x04d60000, 0x09d50000)
  eden space 4480K,   0% used [0x04800000, 0x04800000, 0x04c60000)
  from space 512K,  99% used [0x04ce0000, 0x04d5ffa0, 0x04d60000)
  to   space 512K,   0% used [0x04c60000, 0x04c60000, 0x04ce0000)
 tenured generation   total 10944K, used 5417K [0x09d50000, 0x0a800000, 0x14800000)
   the space 10944K,  49% used [0x09d50000, 0x0a29a730, 0x0a29a800, 0x0a800000)
 Metaspace       used 14093K, capacity 14291K, committed 14336K, reserved 14720K
}

Deoptimization events (0 events):
No events

Internal exceptions (10 events):
Event: 28.704 Thread 0x157ddc00 Exception <a 'java/lang/ArrayIndexOutOfBoundsException'> (0x04942408) thrown at [D:\re\puppet\workspace\8-2-build-windows-i586-cygwin\jdk8u40\2855\hotspot\src\share\vm\runtime\sharedRuntime.cpp, line 605]
Event: 39.953 Thread 0x022dec00 Exception <a 'java/io/FileNotFoundException'> (0x04904ba0) thrown at [D:\re\puppet\workspace\8-2-build-windows-i586-cygwin\jdk8u40\2855\hotspot\src\share\vm\prims\jni.cpp, line 709]
Event: 40.047 Thread 0x022dec00 Exception <a 'java/lang/UnsatisfiedLinkError': The specified procedure could not be found.
> (0x04b91a30) thrown at [D:\re\puppet\workspace\8-2-build-windows-i586-cygwin\jdk8u40\2855\hotspot\src\share\vm\prims\jni.cpp, line 735]
Event: 40.584 Thread 0x022dec00 Exception <a 'java/lang/NoSuchFieldError': method resolution failed> (0x04848a18) thrown at [D:\re\puppet\workspace\8-2-build-windows-i586-cygwin\jdk8u40\2855\hotspot\src\share\vm\prims\methodHandles.cpp, line 1125]
Event: 40.585 Thread 0x022dec00 Exception <a 'java/lang/NoSuchFieldError': method resolution failed> (0x04856368) thrown at [D:\re\puppet\workspace\8-2-build-windows-i586-cygwin\jdk8u40\2855\hotspot\src\share\vm\prims\methodHandles.cpp, line 1125]
Event: 40.731 Thread 0x022dec00 Exception <a 'java/lang/NoSuchMethodError': <clinit>> (0x048f0b70) thrown at [D:\re\puppet\workspace\8-2-build-windows-i586-cygwin\jdk8u40\2855\hotspot\src\share\vm\prims\jni.cpp, line 1598]
Event: 40.733 Thread 0x022dec00 Exception <a 'java/lang/NoSuchMethodError': <clinit>> (0x04903228) thrown at [D:\re\puppet\workspace\8-2-build-windows-i586-cygwin\jdk8u40\2855\hotspot\src\share\vm\prims\jni.cpp, line 1598]
Event: 40.754 Thread 0x022dec00 Exception <a 'java/lang/NoSuchMethodError': <clinit>> (0x049a7bd0) thrown at [D:\re\puppet\workspace\8-2-build-windows-i586-cygwin\jdk8u40\2855\hotspot\src\share\vm\prims\jni.cpp, line 1598]
Event: 40.758 Thread 0x022dec00 Exception <a 'java/lang/NoSuchMethodError': <clinit>> (0x049bf658) thrown at [D:\re\puppet\workspace\8-2-build-windows-i586-cygwin\jdk8u40\2855\hotspot\src\share\vm\prims\jni.cpp, line 1598]
Event: 40.881 Thread 0x15878000 Exception <a 'java/net/SocketException': Socket closed> (0x048fe720) thrown at [D:\re\puppet\workspace\8-2-build-windows-i586-cygwin\jdk8u40\2855\hotspot\src\share\vm\prims\jni.cpp, line 735]

Events (10 events):
Event: 40.884 Executing VM operation: RevokeBias
Event: 40.884 Executing VM operation: RevokeBias done
Event: 40.884 Executing VM operation: RevokeBias
Event: 40.884 Executing VM operation: RevokeBias done
Event: 40.884 Thread 0x15e9bc00 Thread exited: 0x15e9bc00
Event: 40.885 Executing VM operation: RevokeBias
Event: 40.885 Executing VM operation: RevokeBias done
Event: 40.885 Thread 0x14ec9400 Thread exited: 0x14ec9400
Event: 40.901 loading class java/util/concurrent/CopyOnWriteArrayList$COWIterator done
Event: 40.901 Thread 0x15e9b800 Thread exited: 0x15e9b800


Dynamic libraries:
0x00160000 - 0x00193000 	C:\Program Files (x86)\Java\jre1.8.0_40\bin\javaw.exe
0x778a0000 - 0x77a20000 	C:\Windows\SysWOW64\ntdll.dll
0x77230000 - 0x77340000 	C:\Windows\syswow64\kernel32.dll
0x771e0000 - 0x77227000 	C:\Windows\syswow64\KERNELBASE.dll
0x74c80000 - 0x74ced000 	C:\Windows\SysWOW64\SYSFER.DLL
0x76a20000 - 0x76ac1000 	C:\Windows\syswow64\ADVAPI32.dll
0x77130000 - 0x771dc000 	C:\Windows\syswow64\msvcrt.dll
0x75ad0000 - 0x75ae9000 	C:\Windows\SysWOW64\sechost.dll
0x75330000 - 0x75420000 	C:\Windows\syswow64\RPCRT4.dll
0x75210000 - 0x75270000 	C:\Windows\syswow64\SspiCli.dll
0x75200000 - 0x7520c000 	C:\Windows\syswow64\CRYPTBASE.dll
0x75b00000 - 0x75c00000 	C:\Windows\syswow64\USER32.dll
0x752a0000 - 0x75330000 	C:\Windows\syswow64\GDI32.dll
0x754e0000 - 0x754ea000 	C:\Windows\syswow64\LPK.dll
0x77340000 - 0x773dd000 	C:\Windows\syswow64\USP10.dll
0x72b90000 - 0x72d2e000 	C:\Windows\WinSxS\x86_microsoft.windows.common-controls_6595b64144ccf1df_6.0.7601.18837_none_41e855142bd5705d\COMCTL32.dll
0x76fa0000 - 0x76ff7000 	C:\Windows\syswow64\SHLWAPI.dll
0x773e0000 - 0x77440000 	C:\Windows\system32\IMM32.DLL
0x755c0000 - 0x7568c000 	C:\Windows\syswow64\MSCTF.dll
0x78050000 - 0x7810f000 	C:\Program Files (x86)\Java\jre1.8.0_40\bin\msvcr100.dll
0x6c260000 - 0x6c620000 	C:\Program Files (x86)\Java\jre1.8.0_40\bin\client\jvm.dll
0x740d0000 - 0x740d7000 	C:\Windows\system32\WSOCK32.dll
0x76d70000 - 0x76da5000 	C:\Windows\syswow64\WS2_32.dll
0x754d0000 - 0x754d6000 	C:\Windows\syswow64\NSI.dll
0x6e310000 - 0x6e342000 	C:\Windows\system32\WINMM.dll
0x74ab0000 - 0x74ab9000 	C:\Windows\system32\VERSION.dll
0x75ac0000 - 0x75ac5000 	C:\Windows\syswow64\PSAPI.DLL
0x50040000 - 0x5004c000 	C:\Program Files (x86)\Java\jre1.8.0_40\bin\verify.dll
0x50010000 - 0x50031000 	C:\Program Files (x86)\Java\jre1.8.0_40\bin\java.dll
0x77a30000 - 0x77a43000 	C:\Program Files (x86)\Java\jre1.8.0_40\bin\zip.dll
0x75c20000 - 0x7686b000 	C:\Windows\syswow64\SHELL32.dll
0x76870000 - 0x769cc000 	C:\Windows\syswow64\ole32.dll
0x75420000 - 0x7542b000 	C:\Windows\syswow64\profapi.dll
0x6ec70000 - 0x6ec85000 	C:\Program Files (x86)\Java\jre1.8.0_40\bin\net.dll
0x746e0000 - 0x7471c000 	C:\Windows\system32\mswsock.dll
0x743d0000 - 0x743d6000 	C:\Windows\System32\wship6.dll
0x746d0000 - 0x746d5000 	C:\Windows\System32\wshtcpip.dll
0x6f4c0000 - 0x6f504000 	C:\Windows\system32\DNSAPI.dll
0x74400000 - 0x7441c000 	C:\Windows\system32\IPHLPAPI.DLL
0x743f0000 - 0x743f7000 	C:\Windows\system32\WINNSI.DLL
0x6f490000 - 0x6f496000 	C:\Windows\system32\rasadhlp.dll
0x74390000 - 0x743c8000 	C:\Windows\System32\fwpuclnt.dll
0x746b0000 - 0x746c7000 	C:\Windows\system32\CRYPTSP.dll
0x74670000 - 0x746ab000 	C:\Windows\system32\rsaenh.dll
0x76b70000 - 0x76b87000 	C:\Windows\syswow64\USERENV.dll
0x74420000 - 0x74432000 	C:\Windows\system32\dhcpcsvc.DLL
0x743e0000 - 0x743ed000 	C:\Windows\system32\dhcpcsvc6.DLL
0x509e0000 - 0x509ef000 	C:\Program Files (x86)\Java\jre1.8.0_40\bin\nio.dll
0x6e460000 - 0x6e480000 	C:\Program Files (x86)\Java\jre1.8.0_40\bin\sunec.dll
0x6e040000 - 0x6e08c000 	C:\Windows\system32\apphelp.dll
0x6f540000 - 0x6f550000 	C:\Windows\system32\NLAapi.dll
0x6f530000 - 0x6f540000 	C:\Windows\system32\napinsp.dll
0x6f510000 - 0x6f522000 	C:\Windows\system32\pnrpnsp.dll
0x6f4b0000 - 0x6f4b8000 	C:\Windows\System32\winrnr.dll
0x6f4a0000 - 0x6f4ad000 	C:\Windows\system32\wshbth.dll
0x047b0000 - 0x047f6000 	C:\Windows\System32\com4j-x86.dll
0x75530000 - 0x755bf000 	C:\Windows\syswow64\OLEAUT32.dll
0x72b10000 - 0x72b90000 	C:\Windows\system32\uxtheme.dll
0x76ad0000 - 0x76b53000 	C:\Windows\syswow64\CLBCatQ.DLL
0x17560000 - 0x17dd7000 	C:\Program Files (x86)\Common Files\Mercury Interactive\TDAPIClient\OTAClient.dll
0x77000000 - 0x77121000 	C:\Windows\syswow64\CRYPT32.dll
0x75c00000 - 0x75c0c000 	C:\Windows\syswow64\MSASN1.dll
0x17de0000 - 0x17ef1000 	C:\PROGRA~2\COMMON~1\MERCUR~1\QUALIT~1\WEBCLI~1.DLL
0x76db0000 - 0x76f94000 	C:\Windows\syswow64\wininet.dll
0x754f0000 - 0x754f4000 	C:\Windows\syswow64\api-ms-win-downlevel-user32-l1-1-0.dll
0x75af0000 - 0x75af4000 	C:\Windows\syswow64\api-ms-win-downlevel-shlwapi-l1-1-0.dll
0x75690000 - 0x75694000 	C:\Windows\syswow64\api-ms-win-downlevel-version-l1-1-0.dll
0x76b60000 - 0x76b63000 	C:\Windows\syswow64\api-ms-win-downlevel-normaliz-l1-1-0.dll
0x756a0000 - 0x756a3000 	C:\Windows\syswow64\normaliz.DLL
0x75880000 - 0x75ab2000 	C:\Windows\syswow64\iertutil.dll
0x77870000 - 0x77875000 	C:\Windows\syswow64\api-ms-win-downlevel-advapi32-l1-1-0.dll
0x6fa70000 - 0x6fb68000 	C:\Windows\system32\Cryptui.dll
0x732a0000 - 0x732f8000 	C:\Windows\system32\winhttp.dll
0x73250000 - 0x7329f000 	C:\Windows\system32\webio.dll
0x6d7b0000 - 0x6d7c9000 	C:\Windows\system32\olepro32.dll
0x72af0000 - 0x72b03000 	C:\Windows\system32\dwmapi.dll
0x6f430000 - 0x6f48f000 	C:\Windows\system32\SXS.DLL
0x73930000 - 0x73938000 	C:\Windows\system32\Secur32.dll
0x71bb0000 - 0x71bb4000 	C:\Windows\system32\api-ms-win-downlevel-advapi32-l2-1-0.dll
0x75c10000 - 0x75c14000 	C:\Windows\syswow64\api-ms-win-downlevel-ole32-l1-1-0.dll
0x76c20000 - 0x76d6a000 	C:\Windows\syswow64\urlmon.dll
0x73970000 - 0x73974000 	C:\Windows\system32\api-ms-win-downlevel-shlwapi-l2-1-0.dll
0x6d7d0000 - 0x6d7d8000 	C:\Windows\system32\credssp.dll
0x75500000 - 0x75527000 	C:\Windows\syswow64\CFGMGR32.dll
0x6dbc0000 - 0x6dbff000 	C:\Windows\SysWOW64\schannel.dll
0x74440000 - 0x74478000 	C:\Windows\system32\ncrypt.dll
0x74140000 - 0x74157000 	C:\Windows\system32\bcrypt.dll
0x74100000 - 0x7413d000 	C:\Windows\SysWOW64\bcryptprimitives.dll
0x740e0000 - 0x740f6000 	C:\Windows\system32\GPAPI.dll
0x6f980000 - 0x6f99c000 	C:\Windows\system32\cryptnet.dll
0x769d0000 - 0x76a15000 	C:\Windows\syswow64\WLDAP32.dll
0x6dbb0000 - 0x6dbb6000 	C:\Windows\system32\SensApi.dll
0x6c640000 - 0x6c785000 	C:\Program Files (x86)\Java\jre1.8.0_40\bin\awt.dll
0x18200000 - 0x18272000 	C:\Users\sarshad\AppData\Local\Temp\jna\jna773907324480208353.dll
0x73d30000 - 0x73e25000 	C:\Windows\system32\PROPSYS.dll
0x756b0000 - 0x7584d000 	C:\Windows\syswow64\SETUPAPI.dll
0x754b0000 - 0x754c2000 	C:\Windows\syswow64\DEVOBJ.dll
0x72260000 - 0x72281000 	C:\Windows\system32\ntmarta.dll
0x73c70000 - 0x73c7e000 	C:\Windows\system32\RpcRtRemote.dll
0x72880000 - 0x72899000 	C:\Windows\system32\srvcli.dll
0x72130000 - 0x7213b000 	C:\Windows\system32\cscapi.dll
0x74490000 - 0x7449a000 	C:\Windows\system32\slc.dll
0x733a0000 - 0x733a9000 	C:\Windows\system32\netutils.dll
0x74720000 - 0x7480b000 	C:\Windows\system32\dbghelp.dll

VM Arguments:
jvm_args: -ea -Dfile.encoding=Cp1252 
java_command: org.testng.remote.RemoteTestNG -serport 50218 -d C:\Selenium_Workspace\HomeDepot_Renowalk\test-output C:\Users\sarshad\AppData\Local\Temp\testng-eclipse-212419946\testng-customsuite.xml
java_class_path (initial): C:\Selenium_Workspace\HomeDepot_Renowalk\bin;C:\Selenium_Workspace\HomeDepot_Renowalk\lib\apache-mime4j-0.6.jar;C:\Selenium_Workspace\HomeDepot_Renowalk\lib\bsh-1.3.0.jar;C:\Selenium_Workspace\HomeDepot_Renowalk\lib\cglib-nodep-2.1_3.jar;C:\Selenium_Workspace\HomeDepot_Renowalk\lib\commons-codec-1.10.jar;C:\Selenium_Workspace\HomeDepot_Renowalk\lib\commons-codec-1.9 (2).jar;C:\Selenium_Workspace\HomeDepot_Renowalk\lib\commons-codec-1.9.jar;C:\Selenium_Workspace\HomeDepot_Renowalk\lib\commons-collections-3.2.1.jar;C:\Selenium_Workspace\HomeDepot_Renowalk\lib\commons-exec-1.1.jar;C:\Selenium_Workspace\HomeDepot_Renowalk\lib\commons-exec-1.3.jar;C:\Selenium_Workspace\HomeDepot_Renowalk\lib\commons-io-2.4.jar;C:\Selenium_Workspace\HomeDepot_Renowalk\lib\commons-jxpath-1.3.jar;C:\Selenium_Workspace\HomeDepot_Renowalk\lib\commons-lang3-3.3.2.jar;C:\Selenium_Workspace\HomeDepot_Renowalk\lib\commons-lang3-3.4.jar;C:\Selenium_Workspace\HomeDepot_Renowalk\lib\commons-logging-1.1.3.jar;C:\Selenium_Workspace\HomeDepot_Renowalk\lib\commons-logging-1.2.jar;C:\Selenium_Workspace\HomeDepot_Renowalk\lib\cssparser-0.9.14.jar;C:\Selenium_Workspace\HomeDepot_Renowalk\lib\cssparser-0.9.16.jar;C:\Selenium_Workspace\HomeDepot_Renowalk\lib\fluent-hc-4.4.1.jar;C:\Selenium_Workspace\HomeDepot_Renowalk\lib\gson-2.3.1.jar;C:\Selenium_Workspace\HomeDepot_Renowalk\lib\gson-2.3.jar;C:\Selenium_Workspace\HomeDepot_Renowalk\lib\guava-18.0.jar;C:\Selenium_Workspace\HomeDepot_Renowalk\lib\hamcrest-core-1.3.jar;C:\Selenium_Workspace\HomeDepot_Renowalk\lib\hamcrest-library-1.3.jar;C:\Selenium_Workspace\HomeDepot_Renowalk\lib\htmlunit-2.15.jar;C:\Selenium_Workspace\HomeDepot_Renowalk\lib\htmlunit-2.17.jar;C:\Selenium_Workspace\HomeDepot_Renowalk\lib\htmlunit-core-js-2.15.jar;C:\Selenium_Workspace\HomeDepot_Renowalk\lib\htmlunit-core-js-2.17.jar;C:\Selenium_Workspace\HomeDepot_Renowalk\lib\httpclient-4.3.4.jar;C:\Selenium_Workspace\HomeDepot_Renowalk\lib\httpclient-4.4.1.jar;
Launcher Type: SUN_STANDARD

Environment Variables:
PATH=C:/Program Files/Java/jre1.8.0_40/bin/server;C:/Program Files/Java/jre1.8.0_40/bin;C:/Program Files/Java/jre1.8.0_40/lib/amd64;C:\Program Files (x86)\RSA SecurID Token Common;C:\Program Files\RSA SecurID Token Common;C:\ProgramData\Oracle\Java\javapath;C:\Program Files (x86)\Intel\iCLS Client\;C:\Program Files\Intel\iCLS Client\;C:\Windows\system32;C:\Windows;C:\Windows\System32\Wbem;C:\Windows\System32\WindowsPowerShell\v1.0\;C:\Program Files (x86)\ATI Technologies\ATI.ACE\Core-Static;C:\Program Files\Intel\WiFi\bin\;C:\Program Files\Common Files\Intel\WirelessCommon\;C:\Program Files\Intel\Intel(R) Management Engine Components\DAL;C:\Program Files\Intel\Intel(R) Management Engine Components\IPT;C:\Program Files (x86)\Intel\Intel(R) Management Engine Components\DAL;C:\Program Files (x86)\Intel\Intel(R) Management Engine Components\IPT;C:\Program Files (x86)\Skype\Phone\;C:\eclipse;
USERNAME=sarshad
OS=Windows_NT
PROCESSOR_IDENTIFIER=Intel64 Family 6 Model 69 Stepping 1, GenuineIntel



---------------  S Y S T E M  ---------------

OS: Windows 7 , 64 bit Build 7601 (6.1.7601.18869)

CPU:total 4 (2 cores per cpu, 2 threads per core) family 6 model 69 stepping 1, cmov, cx8, fxsr, mmx, sse, sse2, sse3, ssse3, sse4.1, sse4.2, popcnt, avx, avx2, aes, clmul, erms, lzcnt, ht, tsc, tscinvbit, bmi1, bmi2

Memory: 4k page, physical 8283248k(4185272k free), swap 20569412k(16097264k free)

vm_info: Java HotSpot(TM) Client VM (25.40-b25) for windows-x86 JRE (1.8.0_40-b25), built on Feb 10 2015 21:08:16 by "java_re" with MS VC++ 10.0 (VS2010)

time: Thu Jul 09 11:31:44 2015
elapsed time: 41 seconds (0d 0h 0m 41s)

